Job launching after 0.10 seconds in submission.
Running python job.
Changed into dir /home/ec2-user/project/source_code
Importing project.py
Running project.main()
Got result 294.459945679
Completed successfully in 5.38 seconds. [{u'main': 294.45994567871094}]
{u'learning_rate': array([ 0.1])}
0.1
('Epoch:', '0001', 'cost=', '489676.510937500')
('Epoch:', '0002', 'cost=', '55374.677929688')
('Epoch:', '0003', 'cost=', '11404.456884766')
('Epoch:', '0004', 'cost=', '9129.815869141')
('Epoch:', '0005', 'cost=', '3491.163403320')
('Epoch:', '0006', 'cost=', '2477.815100098')
('Epoch:', '0007', 'cost=', '2083.310919189')
('Epoch:', '0008', 'cost=', '1489.288446045')
('Epoch:', '0009', 'cost=', '1064.960150146')
('Epoch:', '0010', 'cost=', '1312.128997803')
('Epoch:', '0011', 'cost=', '734.255844116')
('Epoch:', '0012', 'cost=', '819.699066162')
('Epoch:', '0013', 'cost=', '718.180206299')
('Epoch:', '0014', 'cost=', '447.392483521')
('Epoch:', '0015', 'cost=', '294.459945679')
Optimization Finished!
('Accuracy:', 0.69999999)
