Job launching after 0.10 seconds in submission.
Running python job.
Changed into dir /home/ec2-user/project/source_code
Importing project.py
Running project.main()
Got result 1892.97018433
Completed successfully in 5.32 seconds. [{u'main': 1892.9701843261723}]
{u'learning_rate': array([ 0.050005])}
0.050005
('Epoch:', '0001', 'cost=', '351469.731250000')
('Epoch:', '0002', 'cost=', '58279.191796875')
('Epoch:', '0003', 'cost=', '18666.551074219')
('Epoch:', '0004', 'cost=', '9378.493627930')
('Epoch:', '0005', 'cost=', '4602.362207031')
('Epoch:', '0006', 'cost=', '2735.038610840')
('Epoch:', '0007', 'cost=', '1758.725402832')
('Epoch:', '0008', 'cost=', '2713.916149902')
('Epoch:', '0009', 'cost=', '4498.876684570')
('Epoch:', '0010', 'cost=', '2876.291394043')
('Epoch:', '0011', 'cost=', '3656.112573242')
('Epoch:', '0012', 'cost=', '2108.563177490')
('Epoch:', '0013', 'cost=', '1633.077288818')
('Epoch:', '0014', 'cost=', '2002.777722168')
('Epoch:', '0015', 'cost=', '1892.970184326')
Optimization Finished!
('Accuracy:', 0.67000002)
