Job launching after 0.10 seconds in submission.
Running python job.
Changed into dir /home/ec2-user/project/source_code
Importing project.py
Running project.main()
Got result 2964.81635742
Completed successfully in 5.41 seconds. [{u'main': 2964.8163574218747}]
{u'learning_rate': array([ 0.00131044])}
0.00131043751234
('Epoch:', '0001', 'cost=', '77352.444921875')
('Epoch:', '0002', 'cost=', '24704.368945313')
('Epoch:', '0003', 'cost=', '10479.022387695')
('Epoch:', '0004', 'cost=', '6972.324316406')
('Epoch:', '0005', 'cost=', '5719.601220703')
('Epoch:', '0006', 'cost=', '3931.926147461')
('Epoch:', '0007', 'cost=', '3132.657824707')
('Epoch:', '0008', 'cost=', '2632.074279785')
('Epoch:', '0009', 'cost=', '2786.909814453')
('Epoch:', '0010', 'cost=', '3115.758105469')
('Epoch:', '0011', 'cost=', '2966.562426758')
('Epoch:', '0012', 'cost=', '1979.292126465')
('Epoch:', '0013', 'cost=', '1829.031054687')
('Epoch:', '0014', 'cost=', '2210.667053223')
('Epoch:', '0015', 'cost=', '2964.816357422')
Optimization Finished!
('Accuracy:', 0.55000001)
