Job launching after 0.10 seconds in submission.
Running python job.
Changed into dir /home/ec2-user/project/source_code
Importing project.py
Running project.main()
Got result 4138.13537598
Completed successfully in 5.33 seconds. [{u'main': 4138.1353759765625}]
{u'learning_rate': array([ 0.00259675])}
0.00259675127006
('Epoch:', '0001', 'cost=', '166950.658984375')
('Epoch:', '0002', 'cost=', '74352.790625000')
('Epoch:', '0003', 'cost=', '35254.032812500')
('Epoch:', '0004', 'cost=', '20601.943066406')
('Epoch:', '0005', 'cost=', '15292.330371094')
('Epoch:', '0006', 'cost=', '10078.461767578')
('Epoch:', '0007', 'cost=', '6387.504687500')
('Epoch:', '0008', 'cost=', '5780.660180664')
('Epoch:', '0009', 'cost=', '5204.179785156')
('Epoch:', '0010', 'cost=', '4538.239013672')
('Epoch:', '0011', 'cost=', '4484.207568359')
('Epoch:', '0012', 'cost=', '3807.727160645')
('Epoch:', '0013', 'cost=', '3841.817211914')
('Epoch:', '0014', 'cost=', '3231.817053223')
('Epoch:', '0015', 'cost=', '4138.135375977')
Optimization Finished!
('Accuracy:', 0.58999997)
