Job launching after 0.10 seconds in submission.
Running python job.
Changed into dir /home/ec2-user/project/source_code
Importing project.py
Running project.main()
Got result 3296.1826416
Completed successfully in 5.35 seconds. [{u'main': 3296.1826416015624}]
{u'learning_rate': array([ 0.00068974])}
0.000689743662992
('Epoch:', '0001', 'cost=', '325360.029687500')
('Epoch:', '0002', 'cost=', '97965.015625000')
('Epoch:', '0003', 'cost=', '38054.283203125')
('Epoch:', '0004', 'cost=', '35462.787304687')
('Epoch:', '0005', 'cost=', '18755.217968750')
('Epoch:', '0006', 'cost=', '11157.749511719')
('Epoch:', '0007', 'cost=', '9103.771777344')
('Epoch:', '0008', 'cost=', '7459.809912109')
('Epoch:', '0009', 'cost=', '6524.821044922')
('Epoch:', '0010', 'cost=', '5575.639428711')
('Epoch:', '0011', 'cost=', '5117.966406250')
('Epoch:', '0012', 'cost=', '4387.903930664')
('Epoch:', '0013', 'cost=', '3934.810778809')
('Epoch:', '0014', 'cost=', '3612.185156250')
('Epoch:', '0015', 'cost=', '3296.182641602')
Optimization Finished!
('Accuracy:', 0.56999999)
