Job launching after 0.10 seconds in submission.
Running python job.
Changed into dir /home/ec2-user/project/source_code
Importing project.py
Running project.main()
Got result 419.851248169
Completed successfully in 5.35 seconds. [{u'main': 419.8512481689453}]
{u'learning_rate': array([ 0.09758394])}
0.0975839428994
('Epoch:', '0001', 'cost=', '402700.797460937')
('Epoch:', '0002', 'cost=', '43085.666845703')
('Epoch:', '0003', 'cost=', '10162.196411133')
('Epoch:', '0004', 'cost=', '3110.678393555')
('Epoch:', '0005', 'cost=', '1506.764605713')
('Epoch:', '0006', 'cost=', '1279.986492920')
('Epoch:', '0007', 'cost=', '1017.013665771')
('Epoch:', '0008', 'cost=', '777.494546509')
('Epoch:', '0009', 'cost=', '357.868199158')
('Epoch:', '0010', 'cost=', '837.591528320')
('Epoch:', '0011', 'cost=', '1317.066619873')
('Epoch:', '0012', 'cost=', '1441.201174927')
('Epoch:', '0013', 'cost=', '1248.112133789')
('Epoch:', '0014', 'cost=', '593.762957764')
('Epoch:', '0015', 'cost=', '419.851248169')
Optimization Finished!
('Accuracy:', 0.69999999)
