Job launching after 0.10 seconds in submission.
Running python job.
Changed into dir /home/ec2-user/project/source_code
Importing project.py
Running project.main()
Got result 226.874489594
Completed successfully in 5.44 seconds. [{u'main': 226.87448959350587}]
{u'learning_rate': array([ 0.1])}
0.1
('Epoch:', '0001', 'cost=', '464560.488085937')
('Epoch:', '0002', 'cost=', '21673.522070313')
('Epoch:', '0003', 'cost=', '5737.291430664')
('Epoch:', '0004', 'cost=', '2679.640820312')
('Epoch:', '0005', 'cost=', '2898.902270508')
('Epoch:', '0006', 'cost=', '1260.212927246')
('Epoch:', '0007', 'cost=', '638.519400024')
('Epoch:', '0008', 'cost=', '759.439761353')
('Epoch:', '0009', 'cost=', '462.793899536')
('Epoch:', '0010', 'cost=', '306.993724060')
('Epoch:', '0011', 'cost=', '273.391374969')
('Epoch:', '0012', 'cost=', '173.640239716')
('Epoch:', '0013', 'cost=', '275.102227783')
('Epoch:', '0014', 'cost=', '601.189115906')
('Epoch:', '0015', 'cost=', '226.874489594')
Optimization Finished!
('Accuracy:', 0.75)
