Job launching after 0.10 seconds in submission.
Running python job.
Changed into dir /home/ec2-user/project/source_code
Importing project.py
Running project.main()
Got result 10090.0453613
Completed successfully in 5.33 seconds. [{u'main': 10090.045361328126}]
{u'learning_rate': array([  9.46027274e-05])}
9.46027273969e-05
('Epoch:', '0001', 'cost=', '198295.004687500')
('Epoch:', '0002', 'cost=', '166727.496875000')
('Epoch:', '0003', 'cost=', '135341.024218750')
('Epoch:', '0004', 'cost=', '104134.498437500')
('Epoch:', '0005', 'cost=', '73587.082421875')
('Epoch:', '0006', 'cost=', '47715.789453125')
('Epoch:', '0007', 'cost=', '27015.911914063')
('Epoch:', '0008', 'cost=', '18677.529296875')
('Epoch:', '0009', 'cost=', '15916.482031250')
('Epoch:', '0010', 'cost=', '14151.562988281')
('Epoch:', '0011', 'cost=', '12678.249902344')
('Epoch:', '0012', 'cost=', '11299.179931641')
('Epoch:', '0013', 'cost=', '10722.101953125')
('Epoch:', '0014', 'cost=', '10378.834912109')
('Epoch:', '0015', 'cost=', '10090.045361328')
Optimization Finished!
('Accuracy:', 0.67000002)
