Job launching after 0.10 seconds in submission.
Running python job.
Changed into dir /home/ec2-user/project/source_code
Importing project.py
Running project.main()
Got result 4894.80537109
Completed successfully in 5.38 seconds. [{u'main': 4894.80537109375}]
{u'learning_rate': array([ 0.00020521])}
0.000205213985883
('Epoch:', '0001', 'cost=', '44959.623632812')
('Epoch:', '0002', 'cost=', '30827.768164063')
('Epoch:', '0003', 'cost=', '21649.500976562')
('Epoch:', '0004', 'cost=', '13346.466894531')
('Epoch:', '0005', 'cost=', '10665.079638672')
('Epoch:', '0006', 'cost=', '9758.701318359')
('Epoch:', '0007', 'cost=', '8613.370800781')
('Epoch:', '0008', 'cost=', '7990.409667969')
('Epoch:', '0009', 'cost=', '7406.728955078')
('Epoch:', '0010', 'cost=', '6861.437255859')
('Epoch:', '0011', 'cost=', '6303.780371094')
('Epoch:', '0012', 'cost=', '5890.368188477')
('Epoch:', '0013', 'cost=', '5486.524169922')
('Epoch:', '0014', 'cost=', '5129.906616211')
('Epoch:', '0015', 'cost=', '4894.805371094')
Optimization Finished!
('Accuracy:', 0.73000002)
