Job launching after 0.10 seconds in submission.
Running python job.
Changed into dir /home/ec2-user/project/source_code
Importing project.py
Running project.main()
Got result 1901.60349121
Completed successfully in 5.39 seconds. [{u'main': 1901.6034912109376}]
{u'learning_rate': array([ 0.05939022])}
0.0593902155558
('Epoch:', '0001', 'cost=', '404869.085156250')
('Epoch:', '0002', 'cost=', '44572.306054687')
('Epoch:', '0003', 'cost=', '29484.449609375')
('Epoch:', '0004', 'cost=', '12966.441406250')
('Epoch:', '0005', 'cost=', '5690.143945312')
('Epoch:', '0006', 'cost=', '5326.824194336')
('Epoch:', '0007', 'cost=', '3305.734875488')
('Epoch:', '0008', 'cost=', '2570.816809082')
('Epoch:', '0009', 'cost=', '1993.583935547')
('Epoch:', '0010', 'cost=', '1547.428942871')
('Epoch:', '0011', 'cost=', '1514.933947754')
('Epoch:', '0012', 'cost=', '1698.116644287')
('Epoch:', '0013', 'cost=', '2209.285760498')
('Epoch:', '0014', 'cost=', '2707.610449219')
('Epoch:', '0015', 'cost=', '1901.603491211')
Optimization Finished!
('Accuracy:', 0.66000003)
