Job launching after 0.10 seconds in submission.
Running python job.
Changed into dir /home/ec2-user/project/source_code
Importing project.py
Running project.main()
Got result 5386.16125488
Completed successfully in 5.37 seconds. [{u'main': 5386.161254882813}]
{u'learning_rate': array([ 0.00558074])}
0.00558074331864
('Epoch:', '0001', 'cost=', '76882.513281250')
('Epoch:', '0002', 'cost=', '38095.706738281')
('Epoch:', '0003', 'cost=', '25977.214111328')
('Epoch:', '0004', 'cost=', '11403.871923828')
('Epoch:', '0005', 'cost=', '15708.439941406')
('Epoch:', '0006', 'cost=', '15468.027832031')
('Epoch:', '0007', 'cost=', '11193.057885742')
('Epoch:', '0008', 'cost=', '14114.530664063')
('Epoch:', '0009', 'cost=', '7936.048876953')
('Epoch:', '0010', 'cost=', '4538.649438477')
('Epoch:', '0011', 'cost=', '5357.244287109')
('Epoch:', '0012', 'cost=', '4735.516015625')
('Epoch:', '0013', 'cost=', '2726.349890137')
('Epoch:', '0014', 'cost=', '3712.406213379')
('Epoch:', '0015', 'cost=', '5386.161254883')
Optimization Finished!
('Accuracy:', 0.63999999)
