Job launching after 0.10 seconds in submission.
Running python job.
Changed into dir /home/ec2-user/project/source_code
Importing project.py
Running project.main()
Got result 53661.0027344
Completed successfully in 5.40 seconds. [{u'main': 53661.002734375004}]
{u'learning_rate': array([  2.63158079e-05])}
2.63158079245e-05
('Epoch:', '0001', 'cost=', '150365.729687500')
('Epoch:', '0002', 'cost=', '141727.140625000')
('Epoch:', '0003', 'cost=', '133081.882031250')
('Epoch:', '0004', 'cost=', '124422.153906250')
('Epoch:', '0005', 'cost=', '115746.178906250')
('Epoch:', '0006', 'cost=', '107053.650781250')
('Epoch:', '0007', 'cost=', '98375.550781250')
('Epoch:', '0008', 'cost=', '89781.189062500')
('Epoch:', '0009', 'cost=', '81478.487500000')
('Epoch:', '0010', 'cost=', '73767.834765625')
('Epoch:', '0011', 'cost=', '67311.030468750')
('Epoch:', '0012', 'cost=', '62485.521875000')
('Epoch:', '0013', 'cost=', '58888.147265625')
('Epoch:', '0014', 'cost=', '56056.575390625')
('Epoch:', '0015', 'cost=', '53661.002734375')
Optimization Finished!
('Accuracy:', 0.36000001)
