Job launching after 0.10 seconds in submission.
Running python job.
Changed into dir /home/ec2-user/project/source_code
Importing project.py
Running project.main()
Got result 93030.0410156
Completed successfully in 5.40 seconds. [{u'main': 93030.041015625}]
{u'learning_rate': array([  1.13070831e-05])}
1.13070831217e-05
('Epoch:', '0001', 'cost=', '115327.235937500')
('Epoch:', '0002', 'cost=', '113697.092968750')
('Epoch:', '0003', 'cost=', '112072.617968750')
('Epoch:', '0004', 'cost=', '110456.703125000')
('Epoch:', '0005', 'cost=', '108846.130468750')
('Epoch:', '0006', 'cost=', '107240.014843750')
('Epoch:', '0007', 'cost=', '105645.282031250')
('Epoch:', '0008', 'cost=', '104055.818750000')
('Epoch:', '0009', 'cost=', '102471.986718750')
('Epoch:', '0010', 'cost=', '100890.569140625')
('Epoch:', '0011', 'cost=', '99313.546484375')
('Epoch:', '0012', 'cost=', '97740.937890625')
('Epoch:', '0013', 'cost=', '96170.437500000')
('Epoch:', '0014', 'cost=', '94599.635937500')
('Epoch:', '0015', 'cost=', '93030.041015625')
Optimization Finished!
('Accuracy:', 0.55000001)
