Job launching after 0.10 seconds in submission.
Running python job.
Changed into dir /home/ec2-user/project/source_code
Importing project.py
Running project.main()
Got result 871.911691284
Completed successfully in 5.40 seconds. [{u'main': 871.9116912841798}]
{u'learning_rate': array([ 0.06928])}
0.069280001211
('Epoch:', '0001', 'cost=', '511201.610351563')
('Epoch:', '0002', 'cost=', '58252.843945313')
('Epoch:', '0003', 'cost=', '14231.559814453')
('Epoch:', '0004', 'cost=', '7325.871923828')
('Epoch:', '0005', 'cost=', '4606.305261230')
('Epoch:', '0006', 'cost=', '3282.140148926')
('Epoch:', '0007', 'cost=', '2886.735437012')
('Epoch:', '0008', 'cost=', '1321.720898437')
('Epoch:', '0009', 'cost=', '881.732034302')
('Epoch:', '0010', 'cost=', '956.622494507')
('Epoch:', '0011', 'cost=', '2217.218029785')
('Epoch:', '0012', 'cost=', '1988.086981201')
('Epoch:', '0013', 'cost=', '2830.019543457')
('Epoch:', '0014', 'cost=', '1843.204022217')
('Epoch:', '0015', 'cost=', '871.911691284')
Optimization Finished!
('Accuracy:', 0.66000003)
