Job launching after 0.10 seconds in submission.
Running python job.
Changed into dir /home/ec2-user/project/source_code
Importing project.py
Running project.main()
Got result 8813.07519531
Completed successfully in 5.40 seconds. [{u'main': 8813.0751953125}]
{u'learning_rate': array([ 0.02456586])}
0.0245658558933
('Epoch:', '0001', 'cost=', '238395.275390625')
('Epoch:', '0002', 'cost=', '68470.540234375')
('Epoch:', '0003', 'cost=', '36764.830566406')
('Epoch:', '0004', 'cost=', '12668.268505859')
('Epoch:', '0005', 'cost=', '9712.806982422')
('Epoch:', '0006', 'cost=', '12244.877050781')
('Epoch:', '0007', 'cost=', '8090.204101562')
('Epoch:', '0008', 'cost=', '8193.248876953')
('Epoch:', '0009', 'cost=', '4710.667211914')
('Epoch:', '0010', 'cost=', '5962.089575195')
('Epoch:', '0011', 'cost=', '5134.454736328')
('Epoch:', '0012', 'cost=', '3447.577233887')
('Epoch:', '0013', 'cost=', '3919.395300293')
('Epoch:', '0014', 'cost=', '4875.807495117')
('Epoch:', '0015', 'cost=', '8813.075195312')
Optimization Finished!
('Accuracy:', 0.61000001)
