Job launching after 0.10 seconds in submission.
Running python job.
Changed into dir /home/ec2-user/project/source_code
Importing project.py
Running project.main()
Got result 780.698498535
Completed successfully in 5.33 seconds. [{u'main': 780.6984985351562}]
{u'learning_rate': array([ 0.08753507])}
0.0875350701309
('Epoch:', '0001', 'cost=', '635242.152734375')
('Epoch:', '0002', 'cost=', '23969.576904297')
('Epoch:', '0003', 'cost=', '8821.113378906')
('Epoch:', '0004', 'cost=', '3901.183850098')
('Epoch:', '0005', 'cost=', '1845.018615723')
('Epoch:', '0006', 'cost=', '2317.332128906')
('Epoch:', '0007', 'cost=', '1388.069757080')
('Epoch:', '0008', 'cost=', '948.925527954')
('Epoch:', '0009', 'cost=', '840.815475464')
('Epoch:', '0010', 'cost=', '649.017739868')
('Epoch:', '0011', 'cost=', '668.823291016')
('Epoch:', '0012', 'cost=', '830.420324707')
('Epoch:', '0013', 'cost=', '942.868173218')
('Epoch:', '0014', 'cost=', '847.052203369')
('Epoch:', '0015', 'cost=', '780.698498535')
Optimization Finished!
('Accuracy:', 0.63)
