Job launching after 0.10 seconds in submission.
Running python job.
Changed into dir /home/ec2-user/project/source_code
Importing project.py
Running project.main()
Got result 3204.65997314
Completed successfully in 5.40 seconds. [{u'main': 3204.6599731445312}]
{u'learning_rate': array([ 0.03885323])}
0.0388532341543
('Epoch:', '0001', 'cost=', '343070.710156250')
('Epoch:', '0002', 'cost=', '89764.770117187')
('Epoch:', '0003', 'cost=', '43724.044921875')
('Epoch:', '0004', 'cost=', '23119.016406250')
('Epoch:', '0005', 'cost=', '9500.143164062')
('Epoch:', '0006', 'cost=', '5548.001562500')
('Epoch:', '0007', 'cost=', '4381.569726562')
('Epoch:', '0008', 'cost=', '6127.523364258')
('Epoch:', '0009', 'cost=', '3784.322473145')
('Epoch:', '0010', 'cost=', '4114.755816650')
('Epoch:', '0011', 'cost=', '5852.042895508')
('Epoch:', '0012', 'cost=', '3695.082946777')
('Epoch:', '0013', 'cost=', '3712.682995605')
('Epoch:', '0014', 'cost=', '3509.369042969')
('Epoch:', '0015', 'cost=', '3204.659973145')
Optimization Finished!
('Accuracy:', 0.66000003)
