Job launching after 0.10 seconds in submission.
Running python job.
Changed into dir /home/ec2-user/project/source_code
Importing project.py
Running project.main()
Got result 7588.67995605
Completed successfully in 5.41 seconds. [{u'main': 7588.679956054687}]
{u'learning_rate': array([  4.82881780e-05])}
4.82881780412e-05
('Epoch:', '0001', 'cost=', '36627.390625000')
('Epoch:', '0002', 'cost=', '29193.417382812')
('Epoch:', '0003', 'cost=', '25730.266992187')
('Epoch:', '0004', 'cost=', '24113.526562500')
('Epoch:', '0005', 'cost=', '21901.349023437')
('Epoch:', '0006', 'cost=', '19913.767187500')
('Epoch:', '0007', 'cost=', '17886.535253906')
('Epoch:', '0008', 'cost=', '15885.866015625')
('Epoch:', '0009', 'cost=', '13835.897802734')
('Epoch:', '0010', 'cost=', '11762.274755859')
('Epoch:', '0011', 'cost=', '9712.923828125')
('Epoch:', '0012', 'cost=', '8241.716259766')
('Epoch:', '0013', 'cost=', '7844.750170898')
('Epoch:', '0014', 'cost=', '7753.992529297')
('Epoch:', '0015', 'cost=', '7588.679956055')
Optimization Finished!
('Accuracy:', 0.56999999)
